<?xml version="1.0" encoding="UTF-8"?>
<testng-results ignored="0" total="1" passed="1" failed="0" skipped="0">
  <reporter-output>
  </reporter-output>
  <suite started-at="2024-02-09T22:04:34 IST" name="Testing-Selenium" finished-at="2024-02-09T22:04:44 IST" duration-ms="10249">
    <groups>
    </groups>
    <test started-at="2024-02-09T22:04:34 IST" name="Test" finished-at="2024-02-09T22:04:44 IST" duration-ms="10249">
      <class name="selenium.TestNG">
        <test-method is-config="true" signature="browserTestSetup()[pri:0, instance:selenium.TestNG@3cebbb30]" started-at="2024-02-09T22:04:34 IST" name="browserTestSetup" finished-at="2024-02-09T22:04:39 IST" duration-ms="4671" status="PASS">
          <reporter-output>
          </reporter-output>
        </test-method> <!-- browserTestSetup -->
        <test-method is-config="true" signature="beforeMethod()[pri:0, instance:selenium.TestNG@3cebbb30]" started-at="2024-02-09T22:04:39 IST" name="beforeMethod" finished-at="2024-02-09T22:04:41 IST" duration-ms="2646" status="PASS">
          <reporter-output>
          </reporter-output>
        </test-method> <!-- beforeMethod -->
        <test-method signature="f()[pri:0, instance:selenium.TestNG@3cebbb30]" started-at="2024-02-09T22:04:41 IST" name="f" finished-at="2024-02-09T22:04:44 IST" duration-ms="2577" status="PASS">
          <reporter-output>
          </reporter-output>
        </test-method> <!-- f -->
        <test-method is-config="true" signature="afterMethod()[pri:0, instance:selenium.TestNG@3cebbb30]" started-at="2024-02-09T22:04:44 IST" name="afterMethod" finished-at="2024-02-09T22:04:44 IST" duration-ms="22" status="PASS">
          <reporter-output>
          </reporter-output>
        </test-method> <!-- afterMethod -->
        <test-method is-config="true" signature="afterClass()[pri:0, instance:selenium.TestNG@3cebbb30]" started-at="2024-02-09T22:04:44 IST" name="afterClass" finished-at="2024-02-09T22:04:44 IST" duration-ms="272" status="PASS">
          <reporter-output>
          </reporter-output>
        </test-method> <!-- afterClass -->
      </class> <!-- selenium.TestNG -->
    </test> <!-- Test -->
  </suite> <!-- Testing-Selenium -->
</testng-results>
